         w __deregister_frame_info
         w __register_frame_info
         w _ITM_deregisterTMCloneTable
         w _ITM_registerTMCloneTable
         w _Jv_RegisterClasses
00000000 b _TLS_MODULE_BASE_
00000000 a shift
00000000 a shift
00000000 00002000 b tmp_buffer.7872
00001ff8 b .LANCHOR2
00002000 00000401 b __fixedpath
00002404 00000802 b __utf16path
00002c08 00000802 b __utf16path_old.7943
00100000 a __start__
00100000 T _start
00100008 T __service_ptr
0010000c T __apt_appid
00100010 T __heap_size
00100014 T __linear_heap_size
00100018 T __system_arglist
0010001c T __system_runflags
00100020 t startup
00100058 t ClearMem
0010006c t ClrLoop
00100094 T _init
001000ac T initSystem
001000f0 T __ctru_exit
00100110 T __aeabi_idiv
00100110 00000220 T __divsi3
00100118 t .divsi3_skip_div0_test
00100330 00000020 T __aeabi_idivmod
00100350 00000004 W __aeabi_idiv0
00100350 00000004 W __aeabi_ldiv0
00100354 T __aeabi_uldivmod
001003a8 00000390 T strcmp
00100730 t .udivsi3_skip_div0_test
00100730 T __aeabi_uidiv
00100730 000001ec T __udivsi3
0010091c 00000020 T __aeabi_uidivmod
0010093c t deregister_tm_clones
0010096c t register_tm_clones
001009a4 t __do_global_dtors_aux
001009e8 t frame_dummy
00100a44 000003b4 T http_download
00100df8 000000c8 T main
00100ec0 0000008c t gfxSetFramebufferInfo.part.0
00100f4c 00000018 T __get_bytes_per_pixel
00100f64 00000174 T gfxSetScreenFormat
001010d8 00000014 T gfxSetDoubleBuffering
001010ec 00000070 T gfxSetFramebufferInfo
0010115c 00000088 T gfxWriteFramebufferInfo
001011e4 000001fc T gfxInit
001013e0 00000010 T gfxInitDefault
001013f0 000000e0 T gfxExit
001014d0 000000b0 T gfxGetFramebuffer
00101580 000000c8 T gfxFlushBuffers
00101648 00000070 T gfxConfigScreen
001016b8 00000020 T gfxSwapBuffers
001016d8 00000020 T gfxSwapBuffersGpu
001016f8 0000001c T debug_write
00101714 000001b0 T consoleDrawChar
001018c4 00000124 T consolePrintChar
001019e8 00000190 t consoleCls
00101b78 000000f8 T consoleInit
00101c70 00000144 t consoleClearLine
00101db4 000000bc t newRow
00101e70 0000079c T con_write
0010260c 00000188 T httpcInit
00102794 00000084 T httpcExit
00102818 0000013c T httpcOpenContext
00102954 00000044 T httpcCloseContext
00102998 00000080 T httpcAddRequestHeaderField
00102a18 00000030 T httpcBeginRequest
00102a48 00000044 T httpcReceiveData
00102a8c 00000104 T httpcDownloadData
00102b90 00000054 T httpcGetDownloadSizeState
00102be4 00000078 T httpcGetResponseHeader
00102c5c 0000003c T httpcGetResponseStatusCode
00102c98 00000034 T httpcSetSSLOpt
00102ccc 000000d0 T hidExit
00102d9c 00000234 T hidScanInput
00102fd0 00000010 T hidKeysDown
00102fe0 00000090 T HIDUSER_GetHandles
00103070 0000018c T hidInit
001031fc 00000004 W _aptDebug
00103200 00000130 T aptSendCommand
00103330 0000003c t aptExitProcess
0010336c 0000004c T APT_InquireNotification
001033b8 0000019c t aptEventHandler
00103554 00000074 T APT_AppletUtility
001035c8 000000b4 T aptSetSleepAllowed
0010367c 000000b4 T APT_GlanceParameter
00103730 000000c0 T APT_ReceiveParameter
001037f0 000000a8 t aptReceiveParameter.constprop.1
00103898 000001ec t aptScreenTransfer
00103a84 00000228 t aptWaitForWakeUp
00103cac 00000070 T APT_CancelParameter
00103d1c 00000230 T aptInit
00103f4c 0000008c t aptClearParamQueue
00103fd8 00000214 T aptMainLoop
001041ec 00000148 T aptExit
00104334 00000070 T APT_CheckNew3DS
001043a4 00000160 t gspEventThreadMain
00104504 00000074 T gspInit
00104578 0000003c T gspExit
001045b4 00000088 T gspInitEventHandler
0010463c 00000030 T gspExitEventHandler
0010466c 00000044 T gspWaitForEvent
001046b0 0000006c T GSPGPU_SetBufferSwap
0010471c 0000004c T GSPGPU_FlushDataCache
00104768 00000034 T GSPGPU_SetLcdForceBlack
0010479c 00000064 T GSPGPU_RegisterInterruptRelayQueue
00104800 0000002c T GSPGPU_UnregisterInterruptRelayQueue
0010482c 00000048 T GSPGPU_AcquireRight
00104874 0000002c T GSPGPU_ReleaseRight
001048a0 00000080 T GSPGPU_ImportDisplayCaptureInfo
00104920 0000002c T GSPGPU_SaveVramSysArea
0010494c 0000002c T GSPGPU_RestoreVramSysArea
00104978 000000b0 T irrstScanInput
00104a28 0000001c T irrstKeysHeld
00104a44 00000050 T IRRST_GetHandles
00104a94 00000150 T irrstInit
00104be4 0000002c T IRRST_Shutdown
00104c10 000000ac T irrstExit
00104cbc 000000e8 T __system_initArgv
00104da4 00000038 W __libctru_init
00104ddc T svcControlMemory
00104dfc T svcExitProcess
00104e04 T svcCreateThread
00104e24 T svcExitThread
00104e2c T svcSleepThread
00104e34 T svcReleaseMutex
00104e3c T svcCreateEvent
00104e50 T svcSignalEvent
00104e58 T svcClearEvent
00104e60 T svcCreateMemoryBlock
00104e78 T svcMapMemoryBlock
00104e80 T svcUnmapMemoryBlock
00104e88 T svcCreateAddressArbiter
00104e9c T svcArbitrateAddress
00104eb4 T svcCloseHandle
00104ebc T svcWaitSynchronization
00104ec4 T svcWaitSynchronizationN
00104eec T svcDuplicateHandle
00104f00 T svcGetSystemTick
00104f08 T svcGetSystemInfo
00104f20 T svcConnectToPort
00104f34 T svcSendSyncRequest
00104f3c T svcBreak
00104f44 T svcOutputDebugString
00104f4c 00000024 t addrMapNodeComparator(rbtree_node const*, rbtree_node const*)
00104f70 00000004 t addrMapNodeDestructor(rbtree_node*)
00104f74 0000013c T linearMemAlign
001050b0 00000008 T linearAlloc
001050b8 00000050 T linearFree
00105108 00000024 t addrMapNodeComparator(rbtree_node const*, rbtree_node const*)
0010512c 00000004 t addrMapNodeDestructor(rbtree_node*)
00105130 000000f4 T mappableAlloc
00105224 00000050 T mappableFree
00105274 00000024 t addrMapNodeComparator(rbtree_node const*, rbtree_node const*)
00105298 00000004 t addrMapNodeDestructor(rbtree_node*)
0010529c 0000012c T vramMemAlign
001053c8 00000008 T vramAlloc
001053d0 00000050 T vramFree
00105420 000001bc T threadCreate
001055dc 00000024 T threadJoin
00105600 00000070 T threadExit
00105670 00000040 t _thread_begin
001056b0 00000050 T srvExit
00105700 00000038 T srvRegisterClient
00105738 00000078 T srvInit
001057b0 00000068 T srvGetServiceHandleDirect
00105818 00000038 T srvGetServiceHandle
00105850 00000058 t getSysTime
001058a8 00000024 T osGetMemRegionUsed
001058d0 000000f4 T __libctru_gtod
001059c4 00000034 T __ctru_speedup_config
001059f8 00000084 T envGetHandle
00105a7c 0000004c T envDestroyHandles
00105ac8 00000034 t LightLock_Unlock.part.1
00105afc 0000000c T __sync_init
00105b08 00000018 T __sync_fini
00105b20 00000010 T __sync_get_arbiter
00105b30 00000018 T LightLock_Init
00105b48 000000a0 T LightLock_Lock
00105be8 00000034 T LightLock_TryLock
00105c1c 00000020 T LightLock_Unlock
00105c3c 00000024 T RecursiveLock_Init
00105c60 00000030 T RecursiveLock_Lock
00105c90 00000058 T RecursiveLock_TryLock
00105ce8 00000038 T RecursiveLock_Unlock
00105d20 00000038 T LightEvent_Init
00105d58 0000007c T LightEvent_Clear
00105dd4 000000dc T LightEvent_Signal
00105eb0 000000d0 T LightEvent_Wait
00105f80 00000070 T ptmSysmInit
00105ff0 00000034 T ptmSysmExit
00106024 00000034 T PTMSYSM_ConfigureNew3DSCPU
00106058 00000070 T rbtree_find
001060c8 00000324 T rbtree_remove
001063ec 00000074 T rbtree_node_next
00106460 00000094 T rbtree_rotate
001064f4 0000018c t do_insert
00106680 00000008 T rbtree_insert
00106688 00000014 T rbtree_init
0010669c 000000a4 W __libctru_exit
00106740 0000001c W __appExit
0010675c 00000058 t osGetMemRegionSize
001067b4 00000104 W __system_allocateHeaps
001068b8 00000030 t __ctru_get_reent
001068e8 000000e4 T __system_initSyscalls
001069cc 0000001c W __appInit
001069e8 00000098 T MemPool::CoalesceRight(MemBlock*)
00106a80 00000178 T MemPool::Allocate(MemChunk&, unsigned long, int)
00106bf8 00000100 T MemPool::Deallocate(MemChunk const&)
00106cf8 00000010 t sdmc_link
00106d08 00000010 t sdmc_dirreset
00106d18 00000010 t sdmc_fchmod
00106d28 00000024 t error_cmp
00106d4c 00000050 t sdmc_translate_error
00106d9c 00000034 t sdmc_fsync
00106dd0 00000054 t sdmc_ftruncate
00106e24 000000b8 t sdmc_statvfs
00106edc 00000038 t sdmc_dirclose
00106f14 00000138 t sdmc_dirnext
0010704c 00000034 t sdmc_close
00107080 00000074 t sdmc_fstat
001070f4 000000d8 t sdmc_seek
001071cc 00000084 t sdmc_read
00107250 000000b8 t sdmc_write
00107308 000001b4 t sdmc_utf16path
001074bc 00000074 t sdmc_rmdir
00107530 000000a4 t sdmc_diropen
001075d4 000000a0 t sdmc_chdir
00107674 00000098 t sdmc_mkdir
0010770c 00000108 t sdmc_rename
00107814 00000074 t sdmc_unlink
00107888 00000108 t sdmc_stat
00107990 00000188 t sdmc_open
00107b18 00000010 t sdmc_chmod
00107b28 0000015c T sdmcInit
00107c84 00000058 T sdmcExit
00107cdc 00000028 t fsSessionForArchive.part.0
00107d04 000000c8 T fsInit
00107dcc 00000038 T fsExit
00107e04 000000a0 T fsExemptFromSession
00107ea4 00000054 T fsUnexemptFromSession
00107ef8 000000bc T FSUSER_OpenFile
00107fb4 000000a4 T FSUSER_DeleteFile
00108058 000000e0 T FSUSER_RenameFile
00108138 000000a4 T FSUSER_DeleteDirectory
001081dc 000000bc T FSUSER_CreateFile
00108298 000000ac T FSUSER_CreateDirectory
00108344 000000e0 T FSUSER_RenameDirectory
00108424 000000a4 T FSUSER_OpenDirectory
001084c8 00000098 T FSUSER_OpenArchive
00108560 00000074 T FSUSER_CloseArchive
001085d4 00000078 T FSUSER_GetSdmcArchiveResource
0010864c 00000064 T FSUSER_IsSdmcWritable
001086b0 0000005c T FSFILE_Read
0010870c 00000064 T FSFILE_Write
00108770 0000003c T FSFILE_GetSize
001087ac 0000002c T FSFILE_SetSize
001087d8 0000003c T FSFILE_Close
00108814 00000024 T FSFILE_Flush
00108838 00000054 T FSDIR_Read
0010888c 0000003c T FSDIR_Close
001088c8 000000c0 T utf8_to_utf16
00108988 00000138 T decode_utf8
00108ac0 000000e8 T utf16_to_utf8
00108ba8 00000104 T encode_utf8
00108cac 00000068 T encode_utf16
00108d14 T __aeabi_read_tp
00108d20 00000060 T decode_utf16
00108d80 00000128 T __udivmoddi4
00108ea8 00000074 T bsearch
00108f1c 0000000c T __errno
00108f28 00000154 T _fclose_r
0010907c 00000018 T fclose
00109094 00000254 T __sflush_r
001092e8 00000094 T _fflush_r
0010937c 00000038 T fflush
001093b4 0000000c T _cleanup_r
001093c0 00000080 t std.isra.0
00109440 00000048 T __sfmoreglue
00109488 0000008c T __sinit
00109514 00000118 T __sfp
0010962c 0000000c T __sfp_lock_acquire
00109638 0000000c T __sfp_lock_release
00109644 00000040 T __libc_fini_array
00109684 00000148 T _fopen_r
001097cc 00000020 T fopen
001097ec 000000f8 T _malloc_trim_r
001098e4 000002e4 T _free_r
00109bc8 00000004 T _fseek_r
00109bcc 000005d4 T _fseeko_r
0010a1a0 00000078 T _fwalk
0010a218 00000080 T _fwalk_reent
0010a298 000000f4 T _fwrite_r
0010a38c 00000038 T fwrite
0010a3c4 00000078 T __libc_init_array
0010a43c 00000094 T __swhatbuf_r
0010a4d0 000000f4 T __smakebuf_r
0010a5c4 00000020 T memalign
0010a5e4 00000158 T _memalign_r
0010a73c 00000018 T malloc
0010a754 00000018 T free
0010a76c 0000078c T _malloc_r
0010aef8 00000104 T memchr
0010affc 00000114 T memcpy
0010b110 00000110 T memset
0010b220 0000000c T __malloc_lock
0010b22c 0000000c T __malloc_unlock
0010b238 000000e0 T _puts_r
0010b318 00000018 T puts
0010b330 00000020 T realloc
0010b350 000004cc T _realloc_r
0010b81c 0000001c t lflush
0010b838 000001b4 T __srefill_r
0010b9ec 00000028 T remove
0010ba14 00000258 T setvbuf
0010bc6c 00000074 T sscanf
0010bce0 0000003c T __sread
0010bd1c 00000008 T __seofread
0010bd24 00000064 T __swrite
0010bd88 0000004c T __sseek
0010bdd4 00000008 T __sclose
0010bddc 0000005c T strlen
0010be38 0000009c T strncat
0010bed4 000000d8 T strncpy
0010bfac 0000290c T __ssvfscanf_r
0010e8b8 000000a0 T _wcrtomb_r
0010e958 00000020 T _wcsrtombs_r
0010e978 00000144 T __swsetup_r
0010eabc 000000b0 T __sflags
0010eb6c 000004ac T __sfvwrite_r
0010f018 00000074 T iswspace
0010f08c 00000204 t __jp2uc
0010f290 000000c8 T _jp2uc
0010f358 00000008 T __localeconv_l
0010f360 00000024 T _localeconv_r
0010f384 00000024 T __locale_mb_cur_max
0010f3a8 00000008 T __locale_ctype_ptr_l
0010f3b0 00000024 T __locale_ctype_ptr
0010f3d4 000000b4 T _mbrtowc_r
0010f488 00000300 T __utf8_mbtowc
0010f788 00000148 T memmove
0010f8d0 000000cc T __sccl
0010f99c 0000000c T nanf
0010f9a8 00000068 T sprintf
0010fa10 00000100 T stpncpy
0010fb10 000001ac T strchr
0010fcbc 00000108 T strncmp
0010fdc4 00000054 t sulp
0010fe18 00001434 T _strtod_l
0011124c 0000003c T _strtod_r
00111288 000002dc t _strtoll_l.isra.0
00111564 00000050 T _strtoll_r
001115b4 00000220 t _strtol_l.isra.0
001117d4 00000050 T _strtol_r
00111828 00000268 t _strtoull_l.isra.0
00111a90 00000050 T _strtoull_r
00111ae0 000001e4 t _strtoul_l.isra.0
00111cc4 00000050 T _strtoul_r
00111d14 00000188 T __ssprint_r
00111e9c 000000e8 T _sungetc_r
00111f84 0000006c T __ssrefill_r
00111ff0 000000d0 T _sfread_r
001120c0 00001624 t get_arg
001136e8 000041c4 T _svfprintf_r
001178ac 000000a8 T __submore
00117954 00000174 T _wcsnrtombs_l
00117ac8 00000064 T _wcsnrtombs_r
00117b2c 000000e8 T __utf8_wctomb
00117c14 000001d0 t quorem
00117de8 00001260 T _dtoa_r
00119048 000000f0 t rshift
00119138 000007f4 T __gethex
0011992c 00000064 T __match
00119990 00000264 T __hexnan
00119bf4 00000088 T _Balloc
00119c7c 0000001c T _Bfree
00119c98 000000d8 T __multadd
00119d70 000000f0 T __s2b
00119e60 00000058 T __hi0bits
00119eb8 0000009c T __lo0bits
00119f54 00000020 T __i2b
00119f74 000001cc T __multiply
0011a140 00000100 T __pow5mult
0011a240 000000e4 T __lshift
0011a324 00000060 T __mcmp
0011a384 00000198 T __mdiff
0011a51c 00000078 T __ulp
0011a594 000000d4 T __b2d
0011a668 00000108 T __d2b
0011a770 0000007c T __ratio
0011a7ec 0000006c T __copybits
0011a858 00000080 T __any_on
0011a8d8 0000009c T frexp
0011a974 00000090 T _calloc_r
0011aa04 00000008 t null_write
0011aa0c 00000018 T setDefaultDevice
0011aa24 000000cc T FindDevice
0011aaf0 00000028 T RemoveDevice
0011ab18 00000098 T AddDevice
0011abb0 00000084 T _close_r
0011ac34 0000007c T _fstat_r
0011acb0 00000008 T _isatty_r
0011acb8 00000090 T _lseek_r
0011ad48 000000c0 T _open_r
0011ae08 00000088 T _read_r
0011ae90 00000070 T _sbrk_r
0011af00 0000006c T _unlink_r
0011af6c 00000088 T _write_r
0011aff4 000001d4 T _concatenate_path
0011b1c8 0000015c T chdir
0011b324 00000008 T __flockfile
0011b32c 00000008 T __funlockfile
0011b334 00000018 T __libc_lock_acquire
0011b34c 00000018 T __libc_lock_release
0011b364 00000018 T __libc_lock_init_recursive
0011b37c 00000018 T __libc_lock_acquire_recursive
0011b394 00000018 T __libc_lock_release_recursive
0011b3ac 00000018 T __libc_lock_close_recursive
0011b3c4 0000004c T __free_handle
0011b410 00000040 T __release_handle
0011b450 000000b4 T __alloc_handle
0011b504 00000018 T __get_handle
0011b51c 00000028 T __getreent
0011b544 0000005c T strnlen
0011b5a0 00000044 T strrchr
0011b5e4 T _fini
0011c000 00000014 r CSWTCH.26
0011c014 00000008 r framebufferInfoSt
0011c01c 00000068 r dotab_3dmoo
0011c084 00000068 r dotab_stdout
0011c0ec 00000068 r dotab_null
0011c154 00000030 r colorTable
0011c184 0000000c r serviceNameTable.7434
0011c190 R default_font_bin
0011c990 R default_font_bin_end
0011c990 R default_font_bin_size
0011c994 00000030 r error_table
0011ce20 00000004 R _global_impure_ptr
0011ce30 00000022 r basefix.8441
0011ce68 000000bc r a1
0011cf24 000000bc r a2
0011cfe0 0000005b r a3
0011d03c 00000070 r a6
0011d0ac 000000a2 r a7
0011d150 00000040 r a8
0011d190 0000172a r b02cf
0011e8bc 00001a7c r d02f4
00120390 00000014 r fpi.7277
001203a4 00000014 r fpinan.7313
001203b8 00000028 r tinytens
001203e0 0000006c R __action_table
0012044c 00000100 R __chclass
0012054c 0000006c R __state_table
001205f8 r .LC2
001205fc 00000010 r blanks.8400
0012060c 00000010 r zeroes.8401
0012061c 00000101 R _ctype_
00120730 00000100 R __hexdig
00120830 00000028 R __mprec_bigtens
00120858 000000c8 R __mprec_tens
00120920 0000000c r p05.7191
00120934 00000068 R dotab_stdnull
0012099c 00000003 R DIRECTORY_PARENT
001209a0 r __EH_FRAME_BEGIN__
001209a0 R __exidx_end
001209a0 R __exidx_start
00121000 00000001 d topFormat
00121001 00000001 d botFormat
00121004 00000008 d doubleBuf
0012100c 0000004c D defaultConsole
00121058 00000004 D currentConsole
0012105c 00000001 d firstConsoleInit.7754
00121060 00000004 d aptFlags
00121064 00000004 d gspLastEvent
00121068 W __stacksize__
0012106c 00000004 V __ctru_linear_heap_size
00121070 00000401 d __cwd
00121474 00000068 d sdmc_devoptab
001214dc 0000000c d __sfp_lock
001214e8 0000000c d __sinit_lock
001214f4 00000004 D _impure_ptr
001214f8 00000460 d impure_data
00121958 00000408 D __malloc_av_
00121d60 00000004 D __malloc_sbrk_base
00121d64 00000004 D __malloc_trim_threshold
00121d68 0000000c d __malloc_lock_object
00121d74 0000016c D __global_locale
00121ee0 00000004 d defaultDevice
00121ee4 00000040 D devoptab_list
00121f24 00001000 d _current_working_directory
00122f24 00000004 d __hndl_lock
00122f28 0000000c d __stderr_handle
00122f34 0000000c d __stdin_handle
00122f40 0000000c d __stdout_handle
00122f4c 00001000 d handles
00123f4c t __frame_dummy_init_array_entry
00123f4c T __init_array_start
00123f4c d __JCR_LIST__
00123f4c B __preinit_array_end
00123f4c B __preinit_array_start
00123f4c D __tdata_lma
00123f4c D __tdata_lma_end
00123f4c D __TMC_END__
00123f4c d __TMC_LIST__
00123f50 t __do_global_dtors_aux_fini_array_entry
00123f50 T __fini_array_start
00123f50 T __init_array_end
00123f54 T __bss_start__
00123f54 T __fini_array_end
00123f54 00000001 b enable3d
00123f58 00000004 b screenAlloc
00123f5c 00000004 b screenFree
00123f60 00000002 b currentBuffer
00123f64 00000004 b __httpc_refcount
00123f68 00000004 b __httpc_sharedmem_size
00123f6c 00000004 b __httpc_sharedmem_handle
00123f70 00000004 b hidRefCount
00123f74 00000004 b kOld
00123f78 00000004 b kHeld
00123f7c 00000004 b cPos
00123f80 00000004 b tPos
00123f84 00000006 b aVec
00123f8c 00000006 b gRate
00123f94 00000004 b kDown
00123f98 00000004 b kUp
00123f9c 00000004 b aptLockHandle
00123fa0 00000004 b serviceName.7433
00123fa4 0000000c b aptFirstHook
00123fb0 00000004 b aptMessageFunc
00123fb4 00000004 b aptMessageFuncData
00123fb8 0000000c b aptEvents
00123fc4 00000001 b aptHomeButtonState
00123fc8 00000008 b aptSleepEvent
00123fd0 00001000 b aptParameters
00124fd0 00000004 b aptRefCount
00124fd4 00000004 b aptEventHandlerThread
00124fd8 00000001 b flagInit.7784
00124fd9 00000001 b flagValue.7785
00124fdc 00000001 b gspRunEvents
00124fe0 00000004 b gspEvent
00124fe4 00000004 b gspEventData
00124fe8 0000001c b gspEventCb
00125004 00000007 b gspEventCbOneShot
0012500c 0000001c b gspEventCbData
00125028 00000038 b gspEvents
00125060 0000001c b gspEventCounts
0012507c 00000004 b gspRefCount
00125080 00000004 b gspEventThread
00125084 00000004 b irrstRefCount
00125088 00000004 b kHeld
0012508c 00000004 b csPos
00125090 b saved_stack
00125098 00000008 b sLinearPool
001250a0 0000000c b sAddrMap
001250ac 00000008 b sMappablePool
001250b4 0000000c b sAddrMap
001250c0 00000008 b sVramPool
001250c8 0000000c b sAddrMap
001250d4 00000004 b srvRefCount
001250d8 00000004 b srvHandle
001250dc 00000001 V __ctru_speedup
001250e0 00000004 b arbiter
001250e4 00000004 b ptmSysmRefCount
001250e8 00000004 b ptmSysmHandle
001250ec 00000004 V __ctru_heap_size
001250f0 00000008 b sdmcArchive
001250f8 00000001 b sdmcInitialised
00125100 00000004 b fsuHandle
00125104 00000004 b fsuRefCount
00125108 00000080 b fsExemptArchives
00125188 b completed.7620
0012518c b object.7625
001251a4 00000028 B __malloc_current_mallinfo
001251cc 00000004 B __malloc_max_sbrked_mem
001251d0 00000004 B __malloc_max_total_mem
001251d4 00000004 B __malloc_top_pad
001251d8 00000004 b heap_start.6927
001251dc 00000004 B fake_heap_end
001251e0 00000004 B fake_heap_start
001251e4 00001000 b temp_cwd
001261e4 00000038 B __syscalls
0012621c 00000008 B gfxBottomFramebuffers
00126224 00000004 B gspSharedMemHandle
00126228 0000001c B bottomFramebufferInfo
00126244 00000004 B gspEvent
00126248 00000008 B gfxTopLeftFramebuffers
00126250 00000008 B gfxTopRightFramebuffers
00126258 0000001c B topFramebufferInfo
00126274 00000001 B gfxThreadID
00126278 00000004 B gfxSharedMemory
0012627c 00000004 B gfxTopFramebufferMaxSize
00126280 00000004 B gfxBottomFramebufferMaxSize
00126284 0000004c B currentCopy
001262d0 00000004 B gxCmdBuf
001262d4 00000004 B __httpc_servhandle
001262d8 00000004 B __httpc_sharedmem_addr
001262dc 00000004 B hidMemHandle
001262e0 00000004 B hidHandle
001262e4 00000004 B hidSharedMem
001262e8 00000014 B hidEvents
001262fc 00000004 B gspGpuHandle
00126300 00000004 B irrstHandle
00126304 00000004 B irrstEvent
00126308 00000004 B irrstMemHandle
0012630c 00000004 B irrstSharedMem
00126310 00000004 B __system_argv
00126314 00000004 B __system_argc
00126318 00000004 B __system_retAddr
0012631c 00000004 B __ctru_linear_heap
00126320 00000004 B __ctru_heap
00126324 B __tls_start
00129730 B __bss_end__
00129730 A __end__
00129730 B __tls_end
